<?xml version="1.0" encoding="UTF-8"?>
<coverage generated="1725103493827" clover="3.2.0">
  <project timestamp="1725103493827" name="All files">
    <metrics statements="12" coveredstatements="12" conditionals="0" coveredconditionals="0" methods="2" coveredmethods="2" elements="14" coveredelements="14" complexity="0" loc="12" ncloc="12" packages="2" files="3" classes="3"/>
    <package name="Components">
      <metrics statements="4" coveredstatements="4" conditionals="0" coveredconditionals="0" methods="2" coveredmethods="2"/>
      <file name="Contact.js" path="D:\Pinki's_Learning\Namste-React\projects\khaokhilao\src\Components\Contact.js">
        <metrics statements="2" coveredstatements="2" conditionals="0" coveredconditionals="0" methods="1" coveredmethods="1"/>
        <line num="8" count="1" type="stmt"/>
        <line num="9" count="4" type="stmt"/>
      </file>
      <file name="Sum.js" path="D:\Pinki's_Learning\Namste-React\projects\khaokhilao\src\Components\Sum.js">
        <metrics statements="2" coveredstatements="2" conditionals="0" coveredconditionals="0" methods="1" coveredmethods="1"/>
        <line num="1" count="1" type="stmt"/>
        <line num="2" count="1" type="stmt"/>
      </file>
    </package>
    <package name="utils">
      <metrics statements="8" coveredstatements="8" conditionals="0" coveredconditionals="0" methods="0" coveredmethods="0"/>
      <file name="constant.js" path="D:\Pinki's_Learning\Namste-React\projects\khaokhilao\src\utils\constant.js">
        <metrics statements="8" coveredstatements="8" conditionals="0" coveredconditionals="0" methods="0" coveredmethods="0"/>
        <line num="1" count="1" type="stmt"/>
        <line num="3" count="1" type="stmt"/>
        <line num="5" count="1" type="stmt"/>
        <line num="7" count="1" type="stmt"/>
        <line num="9" count="1" type="stmt"/>
        <line num="11" count="1" type="stmt"/>
        <line num="13" count="1" type="stmt"/>
        <line num="15" count="1" type="stmt"/>
      </file>
    </package>
  </project>
</coverage>
