{"D:\\Pinki's_Learning\\Namste-React\\projects\\khaokhilao\\src\\Components\\Contact.js": {"path":"D:\\Pinki's_Learning\\Namste-React\\projects\\khaokhilao\\src\\Components\\Contact.js","statementMap":{"0":{"start":{"line":8,"column":16},"end":{"line":40,"column":1}},"1":{"start":{"line":9,"column":4},"end":{"line":39,"column":5}}},"fnMap":{"0":{"name":"(anonymous_0)","decl":{"start":{"line":8,"column":16},"end":{"line":8,"column":17}},"loc":{"start":{"line":8,"column":21},"end":{"line":40,"column":1}},"line":8}},"branchMap":{},"s":{"0":1,"1":4},"f":{"0":4},"b":{},"_coverageSchema":"1a1c01bbd47fc00a2c39e90264f33305004495a9","hash":"1b23b9d74cb41efd50404b2607cf90323a396cce"}
,"D:\\Pinki's_Learning\\Namste-React\\projects\\khaokhilao\\src\\Components\\Sum.js": {"path":"D:\\Pinki's_Learning\\Namste-React\\projects\\khaokhilao\\src\\Components\\Sum.js","statementMap":{"0":{"start":{"line":1,"column":19},"end":{"line":4,"column":1}},"1":{"start":{"line":2,"column":4},"end":{"line":2,"column":15}}},"fnMap":{"0":{"name":"(anonymous_0)","decl":{"start":{"line":1,"column":19},"end":{"line":1,"column":20}},"loc":{"start":{"line":1,"column":28},"end":{"line":4,"column":1}},"line":1}},"branchMap":{},"s":{"0":1,"1":1},"f":{"0":1},"b":{},"_coverageSchema":"1a1c01bbd47fc00a2c39e90264f33305004495a9","hash":"50aeca674a8d22ece9141ad4e3f0072f44077a66"}
,"D:\\Pinki's_Learning\\Namste-React\\projects\\khaokhilao\\src\\utils\\constant.js": {"path":"D:\\Pinki's_Learning\\Namste-React\\projects\\khaokhilao\\src\\utils\\constant.js","statementMap":{"0":{"start":{"line":1,"column":24},"end":{"line":1,"column":107}},"1":{"start":{"line":3,"column":27},"end":{"line":3,"column":129}},"2":{"start":{"line":5,"column":26},"end":{"line":5,"column":123}},"3":{"start":{"line":7,"column":31},"end":{"line":7,"column":103}},"4":{"start":{"line":9,"column":27},"end":{"line":9,"column":117}},"5":{"start":{"line":11,"column":29},"end":{"line":11,"column":226}},"6":{"start":{"line":13,"column":27},"end":{"line":13,"column":85}},"7":{"start":{"line":15,"column":24},"end":{"line":15,"column":143}}},"fnMap":{},"branchMap":{},"s":{"0":1,"1":1,"2":1,"3":1,"4":1,"5":1,"6":1,"7":1},"f":{},"b":{},"_coverageSchema":"1a1c01bbd47fc00a2c39e90264f33305004495a9","hash":"e516fd4f5a7029299b3b19adcbe438bfb0cf210a"}
}
